{"C:\\Users\\jonem\\Desktop\\Vefforritun\\vef2\\EVerk1\\main.js": {"path":"C:\\Users\\jonem\\Desktop\\Vefforritun\\vef2\\EVerk1\\main.js","statementMap":{"0":{"start":{"line":6,"column":20},"end":{"line":6,"column":40}},"1":{"start":{"line":7,"column":4},"end":{"line":7,"column":38}},"2":{"start":{"line":8,"column":4},"end":{"line":14,"column":7}},"3":{"start":{"line":9,"column":21},"end":{"line":9,"column":70}},"4":{"start":{"line":10,"column":8},"end":{"line":10,"column":32}},"5":{"start":{"line":12,"column":8},"end":{"line":12,"column":75}},"6":{"start":{"line":13,"column":8},"end":{"line":13,"column":20}},"7":{"start":{"line":18,"column":22},"end":{"line":18,"column":50}},"8":{"start":{"line":20,"column":4},"end":{"line":23,"column":7}},"9":{"start":{"line":21,"column":8},"end":{"line":21,"column":76}},"10":{"start":{"line":22,"column":8},"end":{"line":22,"column":18}},"11":{"start":{"line":25,"column":20},"end":{"line":31,"column":7}},"12":{"start":{"line":27,"column":27},"end":{"line":27,"column":36}},"13":{"start":{"line":28,"column":27},"end":{"line":28,"column":51}},"14":{"start":{"line":29,"column":10},"end":{"line":29,"column":66}},"15":{"start":{"line":33,"column":21},"end":{"line":33,"column":23}},"16":{"start":{"line":34,"column":4},"end":{"line":45,"column":5}},"17":{"start":{"line":35,"column":12},"end":{"line":42,"column":13}},"18":{"start":{"line":36,"column":16},"end":{"line":39,"column":17}},"19":{"start":{"line":37,"column":20},"end":{"line":37,"column":40}},"20":{"start":{"line":38,"column":20},"end":{"line":38,"column":26}},"21":{"start":{"line":40,"column":16},"end":{"line":40,"column":49}},"22":{"start":{"line":41,"column":16},"end":{"line":41,"column":22}},"23":{"start":{"line":43,"column":12},"end":{"line":43,"column":41}},"24":{"start":{"line":47,"column":4},"end":{"line":47,"column":28}},"25":{"start":{"line":53,"column":4},"end":{"line":53,"column":28}},"26":{"start":{"line":55,"column":4},"end":{"line":55,"column":81}},"27":{"start":{"line":56,"column":4},"end":{"line":58,"column":6}},"28":{"start":{"line":57,"column":8},"end":{"line":57,"column":97}},"29":{"start":{"line":65,"column":15},"end":{"line":65,"column":38}},"30":{"start":{"line":66,"column":22},"end":{"line":66,"column":44}},"31":{"start":{"line":67,"column":25},"end":{"line":67,"column":26}},"32":{"start":{"line":69,"column":4},"end":{"line":89,"column":6}},"33":{"start":{"line":70,"column":23},"end":{"line":72,"column":15}},"34":{"start":{"line":73,"column":22},"end":{"line":73,"column":34}},"35":{"start":{"line":74,"column":26},"end":{"line":74,"column":58}},"36":{"start":{"line":76,"column":8},"end":{"line":88,"column":9}},"37":{"start":{"line":76,"column":13},"end":{"line":81,"column":11}},"38":{"start":{"line":77,"column":12},"end":{"line":80,"column":29}},"39":{"start":{"line":82,"column":8},"end":{"line":82,"column":25}},"40":{"start":{"line":83,"column":8},"end":{"line":84,"column":17}},"41":{"start":{"line":87,"column":12},"end":{"line":87,"column":49}},"42":{"start":{"line":91,"column":4},"end":{"line":91,"column":15}},"43":{"start":{"line":95,"column":15},"end":{"line":95,"column":30}},"44":{"start":{"line":97,"column":4},"end":{"line":101,"column":7}},"45":{"start":{"line":98,"column":24},"end":{"line":99,"column":77}},"46":{"start":{"line":100,"column":8},"end":{"line":100,"column":30}},"47":{"start":{"line":103,"column":4},"end":{"line":103,"column":16}},"48":{"start":{"line":107,"column":4},"end":{"line":107,"column":84}},"49":{"start":{"line":110,"column":0},"end":{"line":110,"column":7}}},"fnMap":{"0":{"name":"readJson","decl":{"start":{"line":5,"column":22},"end":{"line":5,"column":30}},"loc":{"start":{"line":5,"column":41},"end":{"line":15,"column":1}},"line":5},"1":{"name":"main","decl":{"start":{"line":17,"column":15},"end":{"line":17,"column":19}},"loc":{"start":{"line":17,"column":22},"end":{"line":48,"column":1}},"line":17},"2":{"name":"(anonymous_2)","decl":{"start":{"line":26,"column":22},"end":{"line":26,"column":23}},"loc":{"start":{"line":26,"column":38},"end":{"line":30,"column":9}},"line":26},"3":{"name":"(anonymous_3)","decl":{"start":{"line":34,"column":20},"end":{"line":34,"column":21}},"loc":{"start":{"line":34,"column":28},"end":{"line":44,"column":9}},"line":34},"4":{"name":"generateFiles","decl":{"start":{"line":51,"column":15},"end":{"line":51,"column":28}},"loc":{"start":{"line":51,"column":42},"end":{"line":62,"column":1}},"line":51},"5":{"name":"(anonymous_5)","decl":{"start":{"line":56,"column":24},"end":{"line":56,"column":25}},"loc":{"start":{"line":56,"column":32},"end":{"line":58,"column":5}},"line":56},"6":{"name":"generateContent","decl":{"start":{"line":64,"column":9},"end":{"line":64,"column":24}},"loc":{"start":{"line":64,"column":31},"end":{"line":92,"column":1}},"line":64},"7":{"name":"(anonymous_7)","decl":{"start":{"line":69,"column":22},"end":{"line":69,"column":23}},"loc":{"start":{"line":69,"column":30},"end":{"line":89,"column":5}},"line":69},"8":{"name":"(anonymous_8)","decl":{"start":{"line":76,"column":29},"end":{"line":76,"column":30}},"loc":{"start":{"line":76,"column":39},"end":{"line":81,"column":9}},"line":76},"9":{"name":"generateIndexContent","decl":{"start":{"line":94,"column":16},"end":{"line":94,"column":36}},"loc":{"start":{"line":94,"column":43},"end":{"line":104,"column":1}},"line":94},"10":{"name":"(anonymous_10)","decl":{"start":{"line":97,"column":17},"end":{"line":97,"column":18}},"loc":{"start":{"line":97,"column":25},"end":{"line":101,"column":5}},"line":97},"11":{"name":"escapeHTML","decl":{"start":{"line":106,"column":16},"end":{"line":106,"column":26}},"loc":{"start":{"line":106,"column":35},"end":{"line":108,"column":1}},"line":106}},"branchMap":{"0":{"loc":{"start":{"line":20,"column":4},"end":{"line":23,"column":7}},"type":"if","locations":[{"start":{"line":20,"column":4},"end":{"line":23,"column":7}},{"start":{},"end":{}}],"line":20},"1":{"loc":{"start":{"line":29,"column":17},"end":{"line":29,"column":65}},"type":"cond-expr","locations":[{"start":{"line":29,"column":28},"end":{"line":29,"column":58}},{"start":{"line":29,"column":61},"end":{"line":29,"column":65}}],"line":29},"2":{"loc":{"start":{"line":35,"column":12},"end":{"line":42,"column":13}},"type":"if","locations":[{"start":{"line":35,"column":12},"end":{"line":42,"column":13}},{"start":{},"end":{}}],"line":35},"3":{"loc":{"start":{"line":36,"column":16},"end":{"line":39,"column":17}},"type":"if","locations":[{"start":{"line":36,"column":16},"end":{"line":39,"column":17}},{"start":{},"end":{}}],"line":36}},"s":{"0":9,"1":9,"2":9,"3":9,"4":2,"5":1,"6":1,"7":1,"8":1,"9":0,"10":0,"11":1,"12":6,"13":6,"14":0,"15":0,"16":0,"17":0,"18":0,"19":0,"20":0,"21":0,"22":0,"23":0,"24":0,"25":0,"26":0,"27":0,"28":0,"29":0,"30":0,"31":0,"32":0,"33":0,"34":0,"35":0,"36":0,"37":0,"38":0,"39":0,"40":0,"41":0,"42":0,"43":2,"44":2,"45":2,"46":2,"47":2,"48":2,"49":1},"f":{"0":9,"1":1,"2":6,"3":0,"4":0,"5":0,"6":0,"7":0,"8":0,"9":2,"10":2,"11":2},"b":{"0":[0,1],"1":[0,0],"2":[0,0],"3":[0,0]},"_coverageSchema":"1a1c01bbd47fc00a2c39e90264f33305004495a9","hash":"f7b5b4bfae16f174bb6f5c6814071b5f53a88ada"}
,"C:\\Users\\jonem\\Desktop\\Vefforritun\\vef2\\EVerk1\\lib\\makeFiles.js": {"path":"C:\\Users\\jonem\\Desktop\\Vefforritun\\vef2\\EVerk1\\lib\\makeFiles.js","statementMap":{"0":{"start":{"line":4,"column":4},"end":{"line":6,"column":5}},"1":{"start":{"line":5,"column":8},"end":{"line":5,"column":21}},"2":{"start":{"line":8,"column":4},"end":{"line":15,"column":5}},"3":{"start":{"line":9,"column":21},"end":{"line":9,"column":36}},"4":{"start":{"line":10,"column":8},"end":{"line":10,"column":34}},"5":{"start":{"line":13,"column":6},"end":{"line":13,"column":60}},"6":{"start":{"line":14,"column":8},"end":{"line":14,"column":21}},"7":{"start":{"line":19,"column":4},"end":{"line":21,"column":5}},"8":{"start":{"line":20,"column":6},"end":{"line":20,"column":23}},"9":{"start":{"line":25,"column":18},"end":{"line":25,"column":28}},"10":{"start":{"line":26,"column":19},"end":{"line":26,"column":39}},"11":{"start":{"line":27,"column":19},"end":{"line":27,"column":44}},"12":{"start":{"line":29,"column":2},"end":{"line":34,"column":3}},"13":{"start":{"line":30,"column":4},"end":{"line":30,"column":56}},"14":{"start":{"line":33,"column":4},"end":{"line":33,"column":47}},"15":{"start":{"line":38,"column":2},"end":{"line":52,"column":13}}},"fnMap":{"0":{"name":"existsDir","decl":{"start":{"line":3,"column":22},"end":{"line":3,"column":31}},"loc":{"start":{"line":3,"column":37},"end":{"line":16,"column":1}},"line":3},"1":{"name":"makeDir","decl":{"start":{"line":18,"column":22},"end":{"line":18,"column":29}},"loc":{"start":{"line":18,"column":35},"end":{"line":22,"column":1}},"line":18},"2":{"name":"makeFile","decl":{"start":{"line":24,"column":22},"end":{"line":24,"column":30}},"loc":{"start":{"line":24,"column":55},"end":{"line":35,"column":1}},"line":24},"3":{"name":"fileTemplate","decl":{"start":{"line":37,"column":16},"end":{"line":37,"column":28}},"loc":{"start":{"line":37,"column":42},"end":{"line":53,"column":1}},"line":37}},"branchMap":{"0":{"loc":{"start":{"line":4,"column":4},"end":{"line":6,"column":5}},"type":"if","locations":[{"start":{"line":4,"column":4},"end":{"line":6,"column":5}},{"start":{},"end":{}}],"line":4},"1":{"loc":{"start":{"line":19,"column":4},"end":{"line":21,"column":5}},"type":"if","locations":[{"start":{"line":19,"column":4},"end":{"line":21,"column":5}},{"start":{},"end":{}}],"line":19},"2":{"loc":{"start":{"line":29,"column":2},"end":{"line":34,"column":3}},"type":"if","locations":[{"start":{"line":29,"column":2},"end":{"line":34,"column":3}},{"start":{"line":32,"column":7},"end":{"line":34,"column":3}}],"line":29}},"s":{"0":3,"1":1,"2":2,"3":2,"4":1,"5":1,"6":1,"7":0,"8":0,"9":0,"10":0,"11":0,"12":0,"13":0,"14":0,"15":2},"f":{"0":3,"1":0,"2":0,"3":2},"b":{"0":[1,2],"1":[0,0],"2":[0,0]},"_coverageSchema":"1a1c01bbd47fc00a2c39e90264f33305004495a9","hash":"517aed595b5ce213d8520589967af5aca44307f6"}
}
