TN:
SF:main.js
FN:5,readJson
FN:17,main
FN:26,(anonymous_2)
FN:34,(anonymous_3)
FN:51,generateFiles
FN:56,(anonymous_5)
FN:64,generateContent
FN:69,(anonymous_7)
FN:76,(anonymous_8)
FN:94,generateIndexContent
FN:97,(anonymous_10)
FN:106,escapeHTML
FNF:12
FNH:6
FNDA:9,readJson
FNDA:1,main
FNDA:6,(anonymous_2)
FNDA:0,(anonymous_3)
FNDA:0,generateFiles
FNDA:0,(anonymous_5)
FNDA:0,generateContent
FNDA:0,(anonymous_7)
FNDA:0,(anonymous_8)
FNDA:2,generateIndexContent
FNDA:2,(anonymous_10)
FNDA:2,escapeHTML
DA:6,9
DA:7,9
DA:8,9
DA:9,9
DA:10,2
DA:12,1
DA:13,1
DA:18,1
DA:20,1
DA:21,0
DA:22,0
DA:25,1
DA:27,6
DA:28,6
DA:29,0
DA:33,0
DA:34,0
DA:35,0
DA:36,0
DA:37,0
DA:38,0
DA:40,0
DA:41,0
DA:43,0
DA:47,0
DA:53,0
DA:55,0
DA:56,0
DA:57,0
DA:65,0
DA:66,0
DA:67,0
DA:69,0
DA:70,0
DA:73,0
DA:74,0
DA:76,0
DA:77,0
DA:82,0
DA:83,0
DA:87,0
DA:91,0
DA:95,2
DA:97,2
DA:98,2
DA:100,2
DA:103,2
DA:107,2
DA:110,1
LF:49
LH:19
BRDA:20,0,0,0
BRDA:20,0,1,1
BRDA:29,1,0,0
BRDA:29,1,1,0
BRDA:35,2,0,0
BRDA:35,2,1,0
BRDA:36,3,0,0
BRDA:36,3,1,0
BRF:8
BRH:1
end_of_record
TN:
SF:lib\makeFiles.js
FN:3,existsDir
FN:18,makeDir
FN:24,makeFile
FN:37,fileTemplate
FNF:4
FNH:2
FNDA:3,existsDir
FNDA:0,makeDir
FNDA:0,makeFile
FNDA:2,fileTemplate
DA:4,3
DA:5,1
DA:8,2
DA:9,2
DA:10,1
DA:13,1
DA:14,1
DA:19,0
DA:20,0
DA:25,0
DA:26,0
DA:27,0
DA:29,0
DA:30,0
DA:33,0
DA:38,2
LF:16
LH:8
BRDA:4,0,0,1
BRDA:4,0,1,2
BRDA:19,1,0,0
BRDA:19,1,1,0
BRDA:29,2,0,0
BRDA:29,2,1,0
BRF:6
BRH:2
end_of_record
